2025-06-18 09:03:34 INFO: FrmMain.cs, Risc/CRisc/Pic ReadCPU_3394(), find pcValue file, open it
2025-06-18 09:03:34 INFO: Sdcc项目，对PC=0x0000, 搜行号 ... ## 0 .
2025-06-18 09:03:34 INFO: C项目，在.lst文件中，没找到PC=0x0000所对应的行号, 再走一个步进试试.
2025-06-18 09:03:34 INFO: Sdcc项目，对PC=0x00CE, 搜行号 ... ## 0 .
2025-06-18 09:03:34 INFO: Sdcc项目，对PC=0x00CE, 找到了
2025-06-18 09:03:34 INFO: update frmSys.propertyGrid_sys
2025-06-18 09:03:34 INFO: readAX
2025-06-18 09:03:34 INFO: readRAM
2025-06-18 09:04:04 INFO: FrmMain.cs, Risc/CRisc/Pic ReadCPU_3394(), find pcValue file, open it
2025-06-18 09:04:04 INFO: Sdcc项目，对PC=0x0000, 搜行号 ... ## 0 .
2025-06-18 09:04:04 INFO: C项目，在.lst文件中，没找到PC=0x0000所对应的行号, 再走一个步进试试.
2025-06-18 09:04:04 INFO: Sdcc项目，对PC=0x00CE, 搜行号 ... ## 0 .
2025-06-18 09:04:04 INFO: Sdcc项目，对PC=0x00CE, 找到了
2025-06-18 09:04:04 INFO: update frmSys.propertyGrid_sys
2025-06-18 09:04:04 INFO: readAX
2025-06-18 09:04:04 INFO: readRAM
2025-06-18 09:04:49 INFO: FrmMain.cs, Risc/CRisc/Pic ReadCPU_3394(), find pcValue file, open it
2025-06-18 09:04:49 INFO: Sdcc项目，对PC=0x00CF, 搜行号 ... ## 0 .
2025-06-18 09:04:49 INFO: Sdcc项目，对PC=0x00CF, 找到了
2025-06-18 09:04:49 INFO: update frmSys.propertyGrid_sys
2025-06-18 09:04:49 INFO: readAX
2025-06-18 09:04:49 INFO: readRAM
2025-06-18 09:04:50 INFO: FrmMain.cs, Risc/CRisc/Pic ReadCPU_3394(), find pcValue file, open it
2025-06-18 09:04:50 INFO: Sdcc项目，对PC=0x00CF, 搜行号 ... ## 0 .
2025-06-18 09:04:50 INFO: Sdcc项目，对PC=0x00CF, 找到了
2025-06-18 09:04:50 INFO: update frmSys.propertyGrid_sys
2025-06-18 09:04:50 INFO: readAX
2025-06-18 09:04:50 INFO: readRAM
2025-06-18 09:04:53 INFO: FrmMain.cs, Risc/CRisc/Pic ReadCPU_3394(), find pcValue file, open it
2025-06-18 09:04:53 INFO: Sdcc项目，对PC=0x0000, 搜行号 ... ## 0 .
2025-06-18 09:04:53 INFO: C项目，在.lst文件中，没找到PC=0x0000所对应的行号, 再走一个步进试试.
2025-06-18 09:04:53 INFO: Sdcc项目，对PC=0x00CE, 搜行号 ... ## 0 .
2025-06-18 09:04:53 INFO: Sdcc项目，对PC=0x00CE, 找到了
2025-06-18 09:04:53 INFO: update frmSys.propertyGrid_sys
2025-06-18 09:04:53 INFO: readAX
2025-06-18 09:04:54 INFO: readRAM
2025-06-18 09:05:17 INFO: FrmMain.cs, Risc/CRisc/Pic ReadCPU_3394(), find pcValue file, open it
2025-06-18 09:05:17 INFO: Sdcc项目，对PC=0x00CF, 搜行号 ... ## 0 .
2025-06-18 09:05:17 INFO: Sdcc项目，对PC=0x00CF, 找到了
2025-06-18 09:05:17 INFO: update frmSys.propertyGrid_sys
2025-06-18 09:05:17 INFO: readAX
2025-06-18 09:05:17 INFO: readRAM
2025-06-18 09:05:17 INFO: FrmMain.cs, Risc/CRisc/Pic ReadCPU_3394(), find pcValue file, open it
2025-06-18 09:05:17 INFO: Sdcc项目，对PC=0x00CF, 搜行号 ... ## 0 .
2025-06-18 09:05:17 INFO: Sdcc项目，对PC=0x00CF, 找到了
2025-06-18 09:05:17 INFO: update frmSys.propertyGrid_sys
2025-06-18 09:05:17 INFO: readAX
2025-06-18 09:05:17 INFO: readRAM
2025-06-18 09:05:21 INFO: FrmMain.cs, Risc/CRisc/Pic ReadCPU_3394(), find pcValue file, open it
2025-06-18 09:05:21 INFO: Sdcc项目，对PC=0x0000, 搜行号 ... ## 0 .
2025-06-18 09:05:21 INFO: C项目，在.lst文件中，没找到PC=0x0000所对应的行号, 再走一个步进试试.
2025-06-18 09:05:21 INFO: Sdcc项目，对PC=0x00CE, 搜行号 ... ## 0 .
2025-06-18 09:05:21 INFO: Sdcc项目，对PC=0x00CE, 找到了
2025-06-18 09:05:21 INFO: update frmSys.propertyGrid_sys
2025-06-18 09:05:21 INFO: readAX
2025-06-18 09:05:21 INFO: readRAM
2025-06-18 09:05:47 INFO: FrmMain.cs, Risc/CRisc/Pic ReadCPU_3394(), find pcValue file, open it
2025-06-18 09:05:47 INFO: Sdcc项目，对PC=0x00CF, 搜行号 ... ## 0 .
2025-06-18 09:05:47 INFO: Sdcc项目，对PC=0x00CF, 找到了
2025-06-18 09:05:47 INFO: update frmSys.propertyGrid_sys
2025-06-18 09:05:47 INFO: readAX
2025-06-18 09:05:47 INFO: readRAM
2025-06-18 09:05:47 INFO: FrmMain.cs, Risc/CRisc/Pic ReadCPU_3394(), find pcValue file, open it
2025-06-18 09:05:47 INFO: Sdcc项目，对PC=0x00CF, 搜行号 ... ## 0 .
2025-06-18 09:05:47 INFO: Sdcc项目，对PC=0x00CF, 找到了
2025-06-18 09:05:47 INFO: update frmSys.propertyGrid_sys
2025-06-18 09:05:47 INFO: readAX
2025-06-18 09:05:47 INFO: readRAM
2025-06-18 09:05:51 INFO: FrmMain.cs, Risc/CRisc/Pic ReadCPU_3394(), find pcValue file, open it
2025-06-18 09:05:51 INFO: Sdcc项目，对PC=0x0000, 搜行号 ... ## 0 .
2025-06-18 09:05:51 INFO: C项目，在.lst文件中，没找到PC=0x0000所对应的行号, 再走一个步进试试.
2025-06-18 09:05:51 INFO: Sdcc项目，对PC=0x00CE, 搜行号 ... ## 0 .
2025-06-18 09:05:51 INFO: Sdcc项目，对PC=0x00CE, 找到了
2025-06-18 09:05:51 INFO: update frmSys.propertyGrid_sys
2025-06-18 09:05:51 INFO: readAX
2025-06-18 09:05:51 INFO: readRAM
2025-06-18 09:06:12 INFO: FrmMain.cs, Risc/CRisc/Pic ReadCPU_3394(), find pcValue file, open it
2025-06-18 09:06:12 INFO: Sdcc项目，对PC=0x0000, 搜行号 ... ## 0 .
2025-06-18 09:06:12 INFO: C项目，在.lst文件中，没找到PC=0x0000所对应的行号, 再走一个步进试试.
2025-06-18 09:06:12 INFO: Sdcc项目，对PC=0x00CE, 搜行号 ... ## 0 .
2025-06-18 09:06:13 INFO: Sdcc项目，对PC=0x00CE, 找到了
2025-06-18 09:06:13 INFO: update frmSys.propertyGrid_sys
2025-06-18 09:06:13 INFO: readAX
2025-06-18 09:06:13 INFO: readRAM
2025-06-18 09:06:34 INFO: FrmMain.cs, Risc/CRisc/Pic ReadCPU_3394(), find pcValue file, open it
2025-06-18 09:06:34 INFO: Sdcc项目，对PC=0x0000, 搜行号 ... ## 0 .
2025-06-18 09:06:34 INFO: C项目，在.lst文件中，没找到PC=0x0000所对应的行号, 再走一个步进试试.
2025-06-18 09:06:34 INFO: Sdcc项目，对PC=0x00CE, 搜行号 ... ## 0 .
2025-06-18 09:06:34 INFO: Sdcc项目，对PC=0x00CE, 找到了
2025-06-18 09:06:34 INFO: update frmSys.propertyGrid_sys
2025-06-18 09:06:34 INFO: readAX
2025-06-18 09:06:34 INFO: readRAM
2025-06-18 09:07:04 INFO: FrmMain.cs, Risc/CRisc/Pic ReadCPU_3394(), find pcValue file, open it
2025-06-18 09:07:04 INFO: Sdcc项目，对PC=0x00CB, 搜行号 ... ## 0 .
2025-06-18 09:07:04 INFO: C项目，在.lst文件中，没找到PC=0x00CB所对应的行号, 再走一个步进试试.
2025-06-18 09:07:04 INFO: Sdcc项目，对PC=0x00CC, 搜行号 ... ## 0 .
2025-06-18 09:07:04 INFO: C项目，在.lst文件中，没找到PC=0x00CC所对应的行号, 再走一个步进试试.
2025-06-18 09:07:04 INFO: Sdcc项目，对PC=0x00CD, 搜行号 ... ## 0 .
2025-06-18 09:07:04 INFO: Sdcc项目，对PC=0x00CD, 找到了
2025-06-18 09:07:04 INFO: update frmSys.propertyGrid_sys
2025-06-18 09:07:04 INFO: readAX
2025-06-18 09:07:04 INFO: readRAM
2025-06-18 09:07:05 INFO: FrmMain.cs, Risc/CRisc/Pic ReadCPU_3394(), find pcValue file, open it
2025-06-18 09:07:05 INFO: Sdcc项目，对PC=0x00CD, 搜行号 ... ## 0 .
2025-06-18 09:07:05 INFO: Sdcc项目，对PC=0x00CD, 找到了
2025-06-18 09:07:05 INFO: update frmSys.propertyGrid_sys
2025-06-18 09:07:05 INFO: readAX
2025-06-18 09:07:05 INFO: readRAM
2025-06-18 09:07:08 INFO: FrmMain.cs, Risc/CRisc/Pic ReadCPU_3394(), find pcValue file, open it
2025-06-18 09:07:08 INFO: Sdcc项目，对PC=0x0000, 搜行号 ... ## 0 .
2025-06-18 09:07:08 INFO: C项目，在.lst文件中，没找到PC=0x0000所对应的行号, 再走一个步进试试.
2025-06-18 09:07:08 INFO: Sdcc项目，对PC=0x00CE, 搜行号 ... ## 0 .
2025-06-18 09:07:08 INFO: Sdcc项目，对PC=0x00CE, 找到了
2025-06-18 09:07:08 INFO: update frmSys.propertyGrid_sys
2025-06-18 09:07:08 INFO: readAX
2025-06-18 09:07:08 INFO: readRAM
2025-06-18 09:07:27 INFO: FrmMain.cs, Risc/CRisc/Pic ReadCPU_3394(), find pcValue file, open it
2025-06-18 09:07:27 INFO: Sdcc项目，对PC=0x0013, 搜行号 ... ## 0 .
2025-06-18 09:07:27 INFO: C项目，在.lst文件中，没找到PC=0x0013所对应的行号, 再走一个步进试试.
2025-06-18 09:07:27 INFO: Sdcc项目，对PC=0x0014, 搜行号 ... ## 0 .
2025-06-18 09:07:27 INFO: C项目，在.lst文件中，没找到PC=0x0014所对应的行号, 再走一个步进试试.
2025-06-18 09:07:28 INFO: FrmMain.cs, Risc/CRisc/Pic ReadCPU_3394(), find pcValue file, open it
2025-06-18 09:07:28 INFO: Sdcc项目，对PC=0x0014, 搜行号 ... ## 0 .
2025-06-18 09:07:28 INFO: C项目，在.lst文件中，没找到PC=0x0014所对应的行号, 再走一个步进试试.
2025-06-18 09:07:28 INFO: Sdcc项目，对PC=0x0015, 搜行号 ... ## 0 .
2025-06-18 09:07:28 INFO: C项目，在.lst文件中，没找到PC=0x0015所对应的行号, 再走一个步进试试.
2025-06-18 09:07:28 INFO: Sdcc项目，对PC=0x0017, 搜行号 ... ## 0 .
2025-06-18 09:07:28 INFO: Sdcc项目，对PC=0x0017, 找到了
2025-06-18 09:07:28 INFO: update frmSys.propertyGrid_sys
2025-06-18 09:07:28 INFO: readAX
2025-06-18 09:07:28 INFO: readRAM
2025-06-18 09:07:32 INFO: FrmMain.cs, Risc/CRisc/Pic ReadCPU_3394(), find pcValue file, open it
2025-06-18 09:07:32 INFO: Sdcc项目，对PC=0x0000, 搜行号 ... ## 0 .
2025-06-18 09:07:32 INFO: C项目，在.lst文件中，没找到PC=0x0000所对应的行号, 再走一个步进试试.
2025-06-18 09:07:32 INFO: Sdcc项目，对PC=0x00CE, 搜行号 ... ## 0 .
2025-06-18 09:07:32 INFO: Sdcc项目，对PC=0x00CE, 找到了
2025-06-18 09:07:32 INFO: update frmSys.propertyGrid_sys
2025-06-18 09:07:32 INFO: readAX
2025-06-18 09:07:32 INFO: readRAM
2025-06-18 09:07:38 INFO: FrmMain.cs, Risc/CRisc/Pic ReadCPU_3394(), find pcValue file, open it
2025-06-18 09:07:38 INFO: Sdcc项目，对PC=0x0000, 搜行号 ... ## 0 .
2025-06-18 09:07:38 INFO: C项目，在.lst文件中，没找到PC=0x0000所对应的行号, 再走一个步进试试.
2025-06-18 09:07:38 INFO: Sdcc项目，对PC=0x00CE, 搜行号 ... ## 0 .
2025-06-18 09:07:38 INFO: Sdcc项目，对PC=0x00CE, 找到了
2025-06-18 09:07:38 INFO: update frmSys.propertyGrid_sys
2025-06-18 09:07:38 INFO: readAX
2025-06-18 09:07:38 INFO: readRAM
2025-06-18 09:08:50 INFO: FrmMain.cs, Risc/CRisc/Pic ReadCPU_3394(), find pcValue file, open it
2025-06-18 09:08:50 INFO: Sdcc项目，对PC=0x0000, 搜行号 ... ## 0 .
2025-06-18 09:08:50 INFO: C项目，在.lst文件中，没找到PC=0x0000所对应的行号, 再走一个步进试试.
2025-06-18 09:08:50 INFO: Sdcc项目，对PC=0x00CE, 搜行号 ... ## 0 .
2025-06-18 09:08:50 INFO: Sdcc项目，对PC=0x00CE, 找到了
2025-06-18 09:08:50 INFO: update frmSys.propertyGrid_sys
2025-06-18 09:08:50 INFO: readAX
2025-06-18 09:08:50 INFO: readRAM
2025-06-18 09:26:13 INFO: FrmMain.cs, Risc/CRisc/Pic ReadCPU_3394(), find pcValue file, open it
2025-06-18 09:26:13 INFO: Sdcc项目，对PC=0x0000, 搜行号 ... ## 0 .
2025-06-18 09:26:13 INFO: C项目，在.lst文件中，没找到PC=0x0000所对应的行号, 再走一个步进试试.
2025-06-18 09:26:14 INFO: Sdcc项目，对PC=0x00CE, 搜行号 ... ## 0 .
2025-06-18 09:26:14 INFO: Sdcc项目，对PC=0x00CE, 找到了
2025-06-18 09:26:14 INFO: update frmSys.propertyGrid_sys
2025-06-18 09:26:14 INFO: readAX
2025-06-18 09:26:14 INFO: readRAM
2025-06-18 09:26:43 INFO: FrmMain.cs, Risc/CRisc/Pic ReadCPU_3394(), find pcValue file, open it
2025-06-18 09:26:43 INFO: Sdcc项目，对PC=0x00CF, 搜行号 ... ## 0 .
2025-06-18 09:26:43 INFO: Sdcc项目，对PC=0x00CF, 找到了
2025-06-18 09:26:43 INFO: update frmSys.propertyGrid_sys
2025-06-18 09:26:43 INFO: readAX
2025-06-18 09:26:43 INFO: readRAM
2025-06-18 09:26:43 INFO: FrmMain.cs, Risc/CRisc/Pic ReadCPU_3394(), find pcValue file, open it
2025-06-18 09:26:43 INFO: Sdcc项目，对PC=0x00CF, 搜行号 ... ## 0 .
2025-06-18 09:26:43 INFO: Sdcc项目，对PC=0x00CF, 找到了
2025-06-18 09:26:43 INFO: update frmSys.propertyGrid_sys
2025-06-18 09:26:43 INFO: readAX
2025-06-18 09:26:43 INFO: readRAM
2025-06-18 09:26:47 INFO: FrmMain.cs, Risc/CRisc/Pic ReadCPU_3394(), find pcValue file, open it
2025-06-18 09:26:47 INFO: Sdcc项目，对PC=0x0000, 搜行号 ... ## 0 .
2025-06-18 09:26:47 INFO: C项目，在.lst文件中，没找到PC=0x0000所对应的行号, 再走一个步进试试.
2025-06-18 09:26:47 INFO: Sdcc项目，对PC=0x00CE, 搜行号 ... ## 0 .
2025-06-18 09:26:47 INFO: Sdcc项目，对PC=0x00CE, 找到了
2025-06-18 09:26:47 INFO: update frmSys.propertyGrid_sys
2025-06-18 09:26:47 INFO: readAX
2025-06-18 09:26:47 INFO: readRAM
2025-06-18 09:27:33 INFO: FrmMain.cs, Risc/CRisc/Pic ReadCPU_3394(), find pcValue file, open it
2025-06-18 09:27:33 INFO: Sdcc项目，对PC=0x000A, 搜行号 ... ## 0 .
2025-06-18 09:27:33 INFO: C项目，在.lst文件中，没找到PC=0x000A所对应的行号, 再走一个步进试试.
2025-06-18 09:27:33 INFO: Sdcc项目，对PC=0x000B, 搜行号 ... ## 0 .
2025-06-18 09:27:33 INFO: Sdcc项目，对PC=0x000B, 找到了
2025-06-18 09:27:33 INFO: update frmSys.propertyGrid_sys
2025-06-18 09:27:33 INFO: readAX
2025-06-18 09:27:33 INFO: readRAM
2025-06-18 09:27:33 INFO: FrmMain.cs, Risc/CRisc/Pic ReadCPU_3394(), find pcValue file, open it
2025-06-18 09:27:33 INFO: Sdcc项目，对PC=0x000B, 搜行号 ... ## 0 .
2025-06-18 09:27:33 INFO: Sdcc项目，对PC=0x000B, 找到了
2025-06-18 09:27:33 INFO: update frmSys.propertyGrid_sys
2025-06-18 09:27:33 INFO: readAX
2025-06-18 09:27:33 INFO: readRAM
2025-06-18 09:27:37 INFO: FrmMain.cs, Risc/CRisc/Pic ReadCPU_3394(), find pcValue file, open it
2025-06-18 09:27:37 INFO: Sdcc项目，对PC=0x0000, 搜行号 ... ## 0 .
2025-06-18 09:27:37 INFO: C项目，在.lst文件中，没找到PC=0x0000所对应的行号, 再走一个步进试试.
2025-06-18 09:27:37 INFO: Sdcc项目，对PC=0x00CE, 搜行号 ... ## 0 .
2025-06-18 09:27:37 INFO: Sdcc项目，对PC=0x00CE, 找到了
2025-06-18 09:27:37 INFO: update frmSys.propertyGrid_sys
2025-06-18 09:27:37 INFO: readAX
2025-06-18 09:27:37 INFO: readRAM
2025-06-18 09:29:22 INFO: FrmMain.cs, Risc/CRisc/Pic ReadCPU_3394(), find pcValue file, open it
2025-06-18 09:29:22 INFO: Sdcc项目，对PC=0x00D0, 搜行号 ... ## 0 .
2025-06-18 09:29:22 INFO: Sdcc项目，对PC=0x00D0, 找到了
2025-06-18 09:29:22 INFO: update frmSys.propertyGrid_sys
2025-06-18 09:29:22 INFO: readAX
2025-06-18 09:29:22 INFO: readRAM
2025-06-18 09:29:22 INFO: FrmMain.cs, Risc/CRisc/Pic ReadCPU_3394(), find pcValue file, open it
2025-06-18 09:29:22 INFO: Sdcc项目，对PC=0x00D0, 搜行号 ... ## 0 .
2025-06-18 09:29:22 INFO: Sdcc项目，对PC=0x00D0, 找到了
2025-06-18 09:29:22 INFO: update frmSys.propertyGrid_sys
2025-06-18 09:29:22 INFO: readAX
2025-06-18 09:29:22 INFO: readRAM
2025-06-18 09:29:26 INFO: FrmMain.cs, Risc/CRisc/Pic ReadCPU_3394(), find pcValue file, open it
2025-06-18 09:29:26 INFO: Sdcc项目，对PC=0x0000, 搜行号 ... ## 0 .
2025-06-18 09:29:26 INFO: C项目，在.lst文件中，没找到PC=0x0000所对应的行号, 再走一个步进试试.
2025-06-18 09:29:26 INFO: Sdcc项目，对PC=0x00CE, 搜行号 ... ## 0 .
2025-06-18 09:29:26 INFO: Sdcc项目，对PC=0x00CE, 找到了
2025-06-18 09:29:26 INFO: update frmSys.propertyGrid_sys
2025-06-18 09:29:26 INFO: readAX
2025-06-18 09:29:26 INFO: readRAM
2025-06-18 09:29:43 INFO: FrmMain.cs, Risc/CRisc/Pic ReadCPU_3394(), find pcValue file, open it
2025-06-18 09:29:43 INFO: Sdcc项目，对PC=0x00B2, 搜行号 ... ## 0 .
2025-06-18 09:29:43 INFO: C项目，在.lst文件中，没找到PC=0x00B2所对应的行号, 再走一个步进试试.
2025-06-18 09:29:43 INFO: FrmMain.cs, Risc/CRisc/Pic ReadCPU_3394(), find pcValue file, open it
2025-06-18 09:29:43 INFO: Sdcc项目，对PC=0x00B2, 搜行号 ... ## 0 .
2025-06-18 09:29:43 INFO: C项目，在.lst文件中，没找到PC=0x00B2所对应的行号, 再走一个步进试试.
2025-06-18 09:29:43 INFO: Sdcc项目，对PC=0x00B3, 搜行号 ... ## 0 .
2025-06-18 09:29:43 INFO: C项目，在.lst文件中，没找到PC=0x00B3所对应的行号, 再走一个步进试试.
2025-06-18 09:29:43 INFO: Sdcc项目，对PC=0x00B5, 搜行号 ... ## 0 .
2025-06-18 09:29:43 INFO: C项目，在.lst文件中，没找到PC=0x00B5所对应的行号, 再走一个步进试试.
2025-06-18 09:29:43 INFO: Sdcc项目，对PC=0x00B6, 搜行号 ... ## 0 .
2025-06-18 09:29:43 INFO: C项目，在.lst文件中，没找到PC=0x00B6所对应的行号, 再走一个步进试试.
2025-06-18 09:29:43 INFO: Sdcc项目，对PC=0x00B7, 搜行号 ... ## 0 .
2025-06-18 09:29:43 INFO: C项目，在.lst文件中，没找到PC=0x00B7所对应的行号, 再走一个步进试试.
2025-06-18 09:29:44 INFO: Sdcc项目，对PC=0x00B8, 搜行号 ... ## 0 .
2025-06-18 09:29:44 INFO: C项目，在.lst文件中，没找到PC=0x00B8所对应的行号, 再走一个步进试试.
2025-06-18 09:29:44 INFO: Sdcc项目，对PC=0x00BB, 搜行号 ... ## 0 .
2025-06-18 09:29:44 INFO: Sdcc项目，对PC=0x00BB, 找到了
2025-06-18 09:29:44 INFO: update frmSys.propertyGrid_sys
2025-06-18 09:29:44 INFO: readAX
2025-06-18 09:29:44 INFO: readRAM
2025-06-18 09:29:48 INFO: FrmMain.cs, Risc/CRisc/Pic ReadCPU_3394(), find pcValue file, open it
2025-06-18 09:29:48 INFO: Sdcc项目，对PC=0x0000, 搜行号 ... ## 0 .
2025-06-18 09:29:48 INFO: C项目，在.lst文件中，没找到PC=0x0000所对应的行号, 再走一个步进试试.
2025-06-18 09:29:48 INFO: Sdcc项目，对PC=0x00CE, 搜行号 ... ## 0 .
2025-06-18 09:29:48 INFO: Sdcc项目，对PC=0x00CE, 找到了
2025-06-18 09:29:48 INFO: update frmSys.propertyGrid_sys
2025-06-18 09:29:48 INFO: readAX
2025-06-18 09:29:48 INFO: readRAM
2025-06-18 09:29:50 ERROR: Can't delete file: System.IO.IOException: 文件“D:\BaiduSyncdisk\A_WorkSt\Aworkst\2025-05-07-project-2025-05-07-安芯-飞鹰60珠光源-7361\code\project-2025-05-07-7361\Output\MC32F7361.cod”正由另一进程使用，因此该进程无法访问此文件。
   在 System.IO.__Error.WinIOError(Int32 errorCode, String maybeFullPath)
   在 System.IO.File.InternalDelete(String path, Boolean checkHost)
   在 System.IO.File.Delete(String path)
   在 SinoSunIDE.frmMAIN.clean_output_files()
2025-06-18 09:29:55 INFO: FrmMain.cs, Risc/CRisc/Pic ReadCPU_3394(), find pcValue file, open it
2025-06-18 09:29:55 INFO: Sdcc项目，对PC=0x0000, 搜行号 ... ## 0 .
2025-06-18 09:29:55 INFO: C项目，在.lst文件中，没找到PC=0x0000所对应的行号, 再走一个步进试试.
2025-06-18 09:29:55 INFO: Sdcc项目，对PC=0x00CE, 搜行号 ... ## 0 .
2025-06-18 09:29:55 INFO: Sdcc项目，对PC=0x00CE, 找到了
2025-06-18 09:29:55 INFO: update frmSys.propertyGrid_sys
2025-06-18 09:29:55 INFO: readAX
2025-06-18 09:29:55 INFO: readRAM
2025-06-18 10:19:08 INFO: FrmMain.cs, Risc/CRisc/Pic ReadCPU_3394(), find pcValue file, open it
2025-06-18 10:19:08 INFO: Sdcc项目，对PC=0x0000, 搜行号 ... ## 0 .
2025-06-18 10:19:08 INFO: C项目，在.lst文件中，没找到PC=0x0000所对应的行号, 再走一个步进试试.
2025-06-18 10:19:08 INFO: Sdcc项目，对PC=0x00CE, 搜行号 ... ## 0 .
2025-06-18 10:19:08 INFO: Sdcc项目，对PC=0x00CE, 找到了
2025-06-18 10:19:08 INFO: update frmSys.propertyGrid_sys
2025-06-18 10:19:08 INFO: readAX
2025-06-18 10:19:08 INFO: readRAM
2025-06-18 10:20:12 INFO: FrmMain.cs, Risc/CRisc/Pic ReadCPU_3394(), find pcValue file, open it
2025-06-18 10:20:13 INFO: Sdcc项目，对PC=0x0000, 搜行号 ... ## 0 .
2025-06-18 10:20:13 INFO: C项目，在.lst文件中，没找到PC=0x0000所对应的行号, 再走一个步进试试.
2025-06-18 10:20:13 INFO: Sdcc项目，对PC=0x00CE, 搜行号 ... ## 0 .
2025-06-18 10:20:13 INFO: Sdcc项目，对PC=0x00CE, 找到了
2025-06-18 10:20:13 INFO: update frmSys.propertyGrid_sys
2025-06-18 10:20:13 INFO: readAX
2025-06-18 10:20:13 INFO: readRAM
2025-06-18 10:20:42 INFO: FrmMain.cs, Risc/CRisc/Pic ReadCPU_3394(), find pcValue file, open it
2025-06-18 10:20:42 INFO: Sdcc项目，对PC=0x0000, 搜行号 ... ## 0 .
2025-06-18 10:20:42 INFO: C项目，在.lst文件中，没找到PC=0x0000所对应的行号, 再走一个步进试试.
2025-06-18 10:20:42 INFO: Sdcc项目，对PC=0x00CE, 搜行号 ... ## 0 .
2025-06-18 10:20:42 INFO: Sdcc项目，对PC=0x00CE, 找到了
2025-06-18 10:20:42 INFO: update frmSys.propertyGrid_sys
2025-06-18 10:20:42 INFO: readAX
2025-06-18 10:20:42 INFO: readRAM
2025-06-18 10:21:03 INFO: FrmMain.cs, Risc/CRisc/Pic ReadCPU_3394(), find pcValue file, open it
2025-06-18 10:21:03 INFO: Sdcc项目，对PC=0x0000, 搜行号 ... ## 0 .
2025-06-18 10:21:03 INFO: C项目，在.lst文件中，没找到PC=0x0000所对应的行号, 再走一个步进试试.
2025-06-18 10:21:04 INFO: Sdcc项目，对PC=0x00CE, 搜行号 ... ## 0 .
2025-06-18 10:21:04 INFO: Sdcc项目，对PC=0x00CE, 找到了
2025-06-18 10:21:04 INFO: update frmSys.propertyGrid_sys
2025-06-18 10:21:04 INFO: readAX
2025-06-18 10:21:04 INFO: readRAM
2025-06-18 10:21:26 INFO: FrmMain.cs, Risc/CRisc/Pic ReadCPU_3394(), find pcValue file, open it
2025-06-18 10:21:26 INFO: Sdcc项目，对PC=0x0000, 搜行号 ... ## 0 .
2025-06-18 10:21:26 INFO: C项目，在.lst文件中，没找到PC=0x0000所对应的行号, 再走一个步进试试.
2025-06-18 10:21:26 INFO: Sdcc项目，对PC=0x00CE, 搜行号 ... ## 0 .
2025-06-18 10:21:27 INFO: Sdcc项目，对PC=0x00CE, 找到了
2025-06-18 10:21:27 INFO: update frmSys.propertyGrid_sys
2025-06-18 10:21:27 INFO: readAX
2025-06-18 10:21:27 INFO: readRAM
2025-06-18 10:21:47 INFO: FrmMain.cs, Risc/CRisc/Pic ReadCPU_3394(), find pcValue file, open it
2025-06-18 10:21:47 INFO: Sdcc项目，对PC=0x0000, 搜行号 ... ## 0 .
2025-06-18 10:21:47 INFO: C项目，在.lst文件中，没找到PC=0x0000所对应的行号, 再走一个步进试试.
2025-06-18 10:21:47 INFO: Sdcc项目，对PC=0x00CE, 搜行号 ... ## 0 .
2025-06-18 10:21:47 INFO: Sdcc项目，对PC=0x00CE, 找到了
2025-06-18 10:21:47 INFO: update frmSys.propertyGrid_sys
2025-06-18 10:21:47 INFO: readAX
2025-06-18 10:21:47 INFO: readRAM
2025-06-18 10:22:05 INFO: FrmMain.cs, Risc/CRisc/Pic ReadCPU_3394(), find pcValue file, open it
2025-06-18 10:22:05 INFO: Sdcc项目，对PC=0x0000, 搜行号 ... ## 0 .
2025-06-18 10:22:05 INFO: C项目，在.lst文件中，没找到PC=0x0000所对应的行号, 再走一个步进试试.
2025-06-18 10:22:05 INFO: Sdcc项目，对PC=0x00CE, 搜行号 ... ## 0 .
2025-06-18 10:22:05 INFO: Sdcc项目，对PC=0x00CE, 找到了
2025-06-18 10:22:05 INFO: update frmSys.propertyGrid_sys
2025-06-18 10:22:05 INFO: readAX
2025-06-18 10:22:05 INFO: readRAM
2025-06-18 10:22:27 INFO: FrmMain.cs, Risc/CRisc/Pic ReadCPU_3394(), find pcValue file, open it
2025-06-18 10:22:27 INFO: Sdcc项目，对PC=0x0000, 搜行号 ... ## 0 .
2025-06-18 10:22:27 INFO: C项目，在.lst文件中，没找到PC=0x0000所对应的行号, 再走一个步进试试.
2025-06-18 10:22:28 INFO: Sdcc项目，对PC=0x00CE, 搜行号 ... ## 0 .
2025-06-18 10:22:28 INFO: Sdcc项目，对PC=0x00CE, 找到了
2025-06-18 10:22:28 INFO: update frmSys.propertyGrid_sys
2025-06-18 10:22:28 INFO: readAX
2025-06-18 10:22:28 INFO: readRAM
2025-06-18 10:22:46 INFO: FrmMain.cs, Risc/CRisc/Pic ReadCPU_3394(), find pcValue file, open it
2025-06-18 10:22:46 INFO: Sdcc项目，对PC=0x0000, 搜行号 ... ## 0 .
2025-06-18 10:22:46 INFO: C项目，在.lst文件中，没找到PC=0x0000所对应的行号, 再走一个步进试试.
2025-06-18 10:22:46 INFO: Sdcc项目，对PC=0x00CE, 搜行号 ... ## 0 .
2025-06-18 10:22:46 INFO: Sdcc项目，对PC=0x00CE, 找到了
2025-06-18 10:22:46 INFO: update frmSys.propertyGrid_sys
2025-06-18 10:22:46 INFO: readAX
2025-06-18 10:22:46 INFO: readRAM
2025-06-18 10:23:13 INFO: FrmMain.cs, Risc/CRisc/Pic ReadCPU_3394(), find pcValue file, open it
2025-06-18 10:23:13 INFO: Sdcc项目，对PC=0x0000, 搜行号 ... ## 0 .
2025-06-18 10:23:13 INFO: C项目，在.lst文件中，没找到PC=0x0000所对应的行号, 再走一个步进试试.
2025-06-18 10:23:13 INFO: Sdcc项目，对PC=0x00CE, 搜行号 ... ## 0 .
2025-06-18 10:23:13 INFO: Sdcc项目，对PC=0x00CE, 找到了
2025-06-18 10:23:13 INFO: update frmSys.propertyGrid_sys
2025-06-18 10:23:13 INFO: readAX
2025-06-18 10:23:13 INFO: readRAM
